2014-05-05 17:47:06.860+0000 INFO  [o.n.k.i.DiagnosticsManager]: --- INITIALIZED diagnostics START ---
2014-05-05 17:47:06.860+0000 INFO  [o.n.k.i.DiagnosticsManager]: Neo4j Kernel properties:
2014-05-05 17:47:06.860+0000 INFO  [o.n.k.i.DiagnosticsManager]: neostore.propertystore.db.mapped_memory=50M
2014-05-05 17:47:06.860+0000 INFO  [o.n.k.i.DiagnosticsManager]: neostore.nodestore.db.mapped_memory=13M
2014-05-05 17:47:06.860+0000 INFO  [o.n.k.i.DiagnosticsManager]: node_auto_indexing=true
2014-05-05 17:47:06.860+0000 INFO  [o.n.k.i.DiagnosticsManager]: neostore.relationshipstore.db.mapped_memory=61M
2014-05-05 17:47:06.861+0000 INFO  [o.n.k.i.DiagnosticsManager]: neostore.propertystore.db.strings.mapped_memory=42M
2014-05-05 17:47:06.861+0000 INFO  [o.n.k.i.DiagnosticsManager]: store_dir=hetrogeneousgraph
2014-05-05 17:47:06.861+0000 INFO  [o.n.k.i.DiagnosticsManager]: node_keys_indexable=pubmedId,keywordText
2014-05-05 17:47:06.861+0000 INFO  [o.n.k.i.DiagnosticsManager]: neostore.propertystore.db.arrays.mapped_memory=48M
2014-05-05 17:47:06.861+0000 INFO  [o.n.k.i.DiagnosticsManager]: ephemeral=false
2014-05-05 17:47:06.861+0000 INFO  [o.n.k.i.DiagnosticsManager]: Diagnostics providers:
2014-05-05 17:47:06.861+0000 INFO  [o.n.k.i.DiagnosticsManager]: org.neo4j.kernel.configuration.Config
2014-05-05 17:47:06.861+0000 INFO  [o.n.k.i.DiagnosticsManager]: org.neo4j.kernel.info.DiagnosticsManager
2014-05-05 17:47:06.861+0000 INFO  [o.n.k.i.DiagnosticsManager]: SYSTEM_MEMORY
2014-05-05 17:47:06.861+0000 INFO  [o.n.k.i.DiagnosticsManager]: JAVA_MEMORY
2014-05-05 17:47:06.861+0000 INFO  [o.n.k.i.DiagnosticsManager]: OPERATING_SYSTEM
2014-05-05 17:47:06.861+0000 INFO  [o.n.k.i.DiagnosticsManager]: JAVA_VIRTUAL_MACHINE
2014-05-05 17:47:06.861+0000 INFO  [o.n.k.i.DiagnosticsManager]: CLASSPATH
2014-05-05 17:47:06.862+0000 INFO  [o.n.k.i.DiagnosticsManager]: LIBRARY_PATH
2014-05-05 17:47:06.862+0000 INFO  [o.n.k.i.DiagnosticsManager]: SYSTEM_PROPERTIES
2014-05-05 17:47:06.862+0000 INFO  [o.n.k.i.DiagnosticsManager]: NETWORK
2014-05-05 17:47:06.862+0000 INFO  [o.n.k.i.DiagnosticsManager]: System memory information:
2014-05-05 17:47:06.862+0000 INFO  [o.n.k.i.DiagnosticsManager]: Total Physical memory: 3.60 GB
2014-05-05 17:47:06.862+0000 INFO  [o.n.k.i.DiagnosticsManager]: Free Physical memory: 365.02 MB
2014-05-05 17:47:06.862+0000 INFO  [o.n.k.i.DiagnosticsManager]: Committed virtual memory: 172.31 MB
2014-05-05 17:47:06.862+0000 INFO  [o.n.k.i.DiagnosticsManager]: Total swap space: 7.21 GB
2014-05-05 17:47:06.863+0000 INFO  [o.n.k.i.DiagnosticsManager]: Free swap space: 1.55 GB
2014-05-05 17:47:06.863+0000 INFO  [o.n.k.i.DiagnosticsManager]: JVM memory information:
2014-05-05 17:47:06.863+0000 INFO  [o.n.k.i.DiagnosticsManager]: Free  memory: 57.75 MB
2014-05-05 17:47:06.863+0000 INFO  [o.n.k.i.DiagnosticsManager]: Total memory: 71.50 MB
2014-05-05 17:47:06.863+0000 INFO  [o.n.k.i.DiagnosticsManager]: Max   memory: 821.50 MB
2014-05-05 17:47:06.864+0000 INFO  [o.n.k.i.DiagnosticsManager]: Garbage Collector: PS Scavenge: [PS Eden Space, PS Survivor Space]
2014-05-05 17:47:06.864+0000 INFO  [o.n.k.i.DiagnosticsManager]: Garbage Collector: PS MarkSweep: [PS Eden Space, PS Survivor Space, PS Old Gen, PS Perm Gen]
2014-05-05 17:47:06.864+0000 INFO  [o.n.k.i.DiagnosticsManager]: Memory Pool: Code Cache (Non-heap memory): committed=2.44 MB, used=785.38 kB, max=48.00 MB, threshold=0.00 B
2014-05-05 17:47:06.864+0000 INFO  [o.n.k.i.DiagnosticsManager]: Memory Pool: PS Eden Space (Heap memory): committed=31.00 MB, used=4.64 MB, max=304.00 MB, threshold=?
2014-05-05 17:47:06.865+0000 INFO  [o.n.k.i.DiagnosticsManager]: Memory Pool: PS Survivor Space (Heap memory): committed=2.00 MB, used=1.98 MB, max=2.00 MB, threshold=?
2014-05-05 17:47:06.865+0000 INFO  [o.n.k.i.DiagnosticsManager]: Memory Pool: PS Old Gen (Heap memory): committed=38.50 MB, used=7.13 MB, max=616.00 MB, threshold=0.00 B
2014-05-05 17:47:06.866+0000 INFO  [o.n.k.i.DiagnosticsManager]: Memory Pool: PS Perm Gen (Non-heap memory): committed=21.00 MB, used=15.78 MB, max=82.00 MB, threshold=0.00 B
2014-05-05 17:47:06.866+0000 INFO  [o.n.k.i.DiagnosticsManager]: Operating system information:
2014-05-05 17:47:06.866+0000 INFO  [o.n.k.i.DiagnosticsManager]: Operating System: Windows 7; version: 6.1; arch: amd64; cpus: 4
2014-05-05 17:47:06.866+0000 INFO  [o.n.k.i.DiagnosticsManager]: Process id: 11792@myThinkPad
2014-05-05 17:47:06.866+0000 INFO  [o.n.k.i.DiagnosticsManager]: Byte order: LITTLE_ENDIAN
2014-05-05 17:47:06.866+0000 INFO  [o.n.k.i.DiagnosticsManager]: Local timezone: America/Indianapolis
2014-05-05 17:47:06.866+0000 INFO  [o.n.k.i.DiagnosticsManager]: JVM information:
2014-05-05 17:47:06.866+0000 INFO  [o.n.k.i.DiagnosticsManager]: VM Name: Java HotSpot(TM) 64-Bit Server VM
2014-05-05 17:47:06.867+0000 INFO  [o.n.k.i.DiagnosticsManager]: VM Vendor: Oracle Corporation
2014-05-05 17:47:06.867+0000 INFO  [o.n.k.i.DiagnosticsManager]: VM Version: 24.55-b03
2014-05-05 17:47:06.867+0000 INFO  [o.n.k.i.DiagnosticsManager]: JIT compiler: HotSpot 64-Bit Tiered Compilers
2014-05-05 17:47:06.867+0000 INFO  [o.n.k.i.DiagnosticsManager]: VM Arguments: [-Dfile.encoding=Cp1252]
2014-05-05 17:47:06.867+0000 INFO  [o.n.k.i.DiagnosticsManager]: Java classpath:
2014-05-05 17:47:06.875+0000 INFO  [o.n.k.i.DiagnosticsManager]:  [classpath + loader.0] file:/C:/Users/Abhillash/Downloads/neo4j-community-2.1.0-M01/lib/server-api-2.1.0-M01.jar
2014-05-05 17:47:06.875+0000 INFO  [o.n.k.i.DiagnosticsManager]:  [classpath + loader.0] file:/C:/Users/Abhillash/Downloads/neo4j-community-2.1.0-M01-windows.zip
2014-05-05 17:47:06.875+0000 INFO  [o.n.k.i.DiagnosticsManager]:  [bootstrap] C:\Program Files\Java\jdk1.7.0_55\jre\lib\resources.jar
2014-05-05 17:47:06.875+0000 INFO  [o.n.k.i.DiagnosticsManager]:  [classpath + loader.0] file:/C:/Users/Abhillash/Downloads/neo4j-community-2.1.0-M01/lib/neo4j-udc-2.1.0-M01.jar
2014-05-05 17:47:06.875+0000 INFO  [o.n.k.i.DiagnosticsManager]:  [classpath + loader.0] file:/C:/Users/Abhillash/Downloads/vecmath-1.3.1.jar
2014-05-05 17:47:06.875+0000 INFO  [o.n.k.i.DiagnosticsManager]:  [classpath + loader.0] file:/C:/Users/Abhillash/Downloads/wstx-asl-3.2.6.jar
2014-05-05 17:47:06.875+0000 INFO  [o.n.k.i.DiagnosticsManager]:  [classpath + loader.0] file:/C:/Users/Abhillash/Downloads/neo4j-community-2.1.0-M01/system/lib/jackson-core-asl-1.9.7.jar
2014-05-05 17:47:06.875+0000 INFO  [o.n.k.i.DiagnosticsManager]:  [classpath + loader.0] file:/C:/Users/Abhillash/Downloads/neo4j-community-2.1.0-M01/system/lib/slf4j-api-1.6.2.jar
2014-05-05 17:47:06.875+0000 INFO  [o.n.k.i.DiagnosticsManager]:  [classpath + loader.0] file:/C:/Users/Abhillash/Downloads/neo4j-community-2.1.0-M01/system/lib/jackson-mapper-asl-1.9.7.jar
2014-05-05 17:47:06.875+0000 INFO  [o.n.k.i.DiagnosticsManager]:  [classpath + loader.0] file:/C:/Users/Abhillash/Downloads/jung-3d-demos-2.0.1.jar
2014-05-05 17:47:06.875+0000 INFO  [o.n.k.i.DiagnosticsManager]:  [classpath + loader.0] file:/C:/Users/Abhillash/Downloads/neo4j-community-2.1.0-M01/system/lib/commons-logging-1.1.1.jar
2014-05-05 17:47:06.875+0000 INFO  [o.n.k.i.DiagnosticsManager]:  [classpath + loader.0] file:/C:/Users/Abhillash/Downloads/blueprints-neo4j2-graph-2.5.0.jar
2014-05-05 17:47:06.875+0000 INFO  [o.n.k.i.DiagnosticsManager]:  [classpath + loader.0] file:/C:/Users/Abhillash/Downloads/neo4j-community-2.1.0-M01/lib/neo4j-shell-2.1.0-M01.jar
2014-05-05 17:47:06.875+0000 INFO  [o.n.k.i.DiagnosticsManager]:  [classpath + loader.0] file:/C:/Users/Abhillash/Downloads/jung-algorithms-2.0.1.jar
2014-05-05 17:47:06.875+0000 INFO  [o.n.k.i.DiagnosticsManager]:  [bootstrap] C:\Program Files\Java\jdk1.7.0_55\jre\classes
2014-05-05 17:47:06.876+0000 INFO  [o.n.k.i.DiagnosticsManager]:  [classpath + loader.0] file:/C:/Users/Abhillash/Downloads/neo4j-community-2.1.0-M01/lib/parboiled-core-1.1.6.jar
2014-05-05 17:47:06.876+0000 INFO  [o.n.k.i.DiagnosticsManager]:  [classpath + loader.0] file:/C:/Users/Abhillash/Downloads/neo4j-community-2.1.0-M01/system/lib/commons-configuration-1.6.jar
2014-05-05 17:47:06.876+0000 INFO  [o.n.k.i.DiagnosticsManager]:  [classpath + loader.0] file:/C:/Users/Abhillash/Downloads/jung-samples-2.0.1.jar
2014-05-05 17:47:06.876+0000 INFO  [o.n.k.i.DiagnosticsManager]:  [loader.1] file:/C:/Program%20Files/Java/jdk1.7.0_55/jre/lib/ext/dnsns.jar
2014-05-05 17:47:06.876+0000 INFO  [o.n.k.i.DiagnosticsManager]:  [classpath + loader.0] file:/C:/Users/Abhillash/Downloads/neo4j-community-2.1.0-M01/lib/lucene-core-3.6.2.jar
2014-05-05 17:47:06.876+0000 INFO  [o.n.k.i.DiagnosticsManager]:  [classpath + loader.0] file:/C:/Users/Abhillash/Downloads/neo4j-community-2.1.0-M01/system/lib/jetty-io-9.0.5.v20130815.jar
2014-05-05 17:47:06.876+0000 INFO  [o.n.k.i.DiagnosticsManager]:  [classpath + loader.0] file:/C:/Users/Abhillash/Downloads/jung-visualization-2.0.1.jar
2014-05-05 17:47:06.876+0000 INFO  [o.n.k.i.DiagnosticsManager]:  [classpath + loader.0] file:/C:/Users/Abhillash/Downloads/neo4j-community-2.1.0-M01/system/lib/rhino-1.7R3.jar
2014-05-05 17:47:06.876+0000 INFO  [o.n.k.i.DiagnosticsManager]:  [loader.1] file:/C:/Program%20Files/Java/jdk1.7.0_55/jre/lib/ext/jaccess.jar
2014-05-05 17:47:06.876+0000 INFO  [o.n.k.i.DiagnosticsManager]:  [classpath + loader.0] file:/C:/Users/Abhillash/Downloads/neo4j-community-2.1.0-M01/lib/parboiled-scala_2.10-1.1.6.jar
2014-05-05 17:47:06.876+0000 INFO  [o.n.k.i.DiagnosticsManager]:  [classpath + loader.0] file:/C:/Users/Abhillash/Downloads/neo4j-community-2.1.0-M01/system/lib/logback-classic-1.0.9.jar
2014-05-05 17:47:06.876+0000 INFO  [o.n.k.i.DiagnosticsManager]:  [classpath + loader.0] file:/C:/Users/Abhillash/Downloads/collections-generic-4.01.jar
2014-05-05 17:47:06.876+0000 INFO  [o.n.k.i.DiagnosticsManager]:  [classpath + loader.0] file:/C:/Users/Abhillash/Downloads/neo4j-community-2.1.0-M01/system/lib/jersey-core-1.9.jar
2014-05-05 17:47:06.876+0000 INFO  [o.n.k.i.DiagnosticsManager]:  [bootstrap] C:\Program Files\Java\jdk1.7.0_55\jre\lib\sunrsasign.jar
2014-05-05 17:47:06.877+0000 INFO  [o.n.k.i.DiagnosticsManager]:  [classpath + loader.0] file:/C:/Users/Abhillash/Downloads/blueprints-neo4j-graph-2.5.0.jar
2014-05-05 17:47:06.877+0000 INFO  [o.n.k.i.DiagnosticsManager]:  [bootstrap] C:\Program Files\Java\jdk1.7.0_55\jre\lib\rt.jar
2014-05-05 17:47:06.877+0000 INFO  [o.n.k.i.DiagnosticsManager]:  [loader.1] file:/C:/Program%20Files/Java/jdk1.7.0_55/jre/lib/ext/sunjce_provider.jar
2014-05-05 17:47:06.877+0000 INFO  [o.n.k.i.DiagnosticsManager]:  [classpath + loader.0] file:/C:/Users/Abhillash/Downloads/jung-jai-samples-2.0.1.jar
2014-05-05 17:47:06.877+0000 INFO  [o.n.k.i.DiagnosticsManager]:  [classpath + loader.0] file:/C:/Users/Abhillash/Downloads/jsr311-api-1.1.1.jar
2014-05-05 17:47:06.877+0000 INFO  [o.n.k.i.DiagnosticsManager]:  [classpath + loader.0] file:/C:/Users/Abhillash/Downloads/neo4j-community-2.1.0-M01/system/lib/commons-compiler-2.6.1.jar
2014-05-05 17:47:06.877+0000 INFO  [o.n.k.i.DiagnosticsManager]:  [classpath + loader.0] file:/C:/Users/Abhillash/Downloads/neo4j-community-2.1.0-M01/system/lib/jetty-webapp-9.0.5.v20130815.jar
2014-05-05 17:47:06.877+0000 INFO  [o.n.k.i.DiagnosticsManager]:  [classpath + loader.0] file:/C:/Users/Abhillash/Downloads/neo4j-community-2.1.0-M01/system/lib/mimepull-1.6.jar
2014-05-05 17:47:06.877+0000 INFO  [o.n.k.i.DiagnosticsManager]:  [classpath + loader.0] file:/C:/Users/Abhillash/Downloads/neo4j-community-2.1.0-M01/system/lib/jackson-jaxrs-1.9.7.jar
2014-05-05 17:47:06.877+0000 INFO  [o.n.k.i.DiagnosticsManager]:  [bootstrap] C:\Program Files\Java\jdk1.7.0_55\jre\lib\jfr.jar
2014-05-05 17:47:06.877+0000 INFO  [o.n.k.i.DiagnosticsManager]:  [classpath + loader.0] file:/C:/Users/Abhillash/Downloads/neo4j-community-2.1.0-M01/system/lib/jcl-over-slf4j-1.6.1.jar
2014-05-05 17:47:06.877+0000 INFO  [o.n.k.i.DiagnosticsManager]:  [classpath + loader.0] file:/C:/Users/Abhillash/Downloads/stax-api-1.0.1.jar
2014-05-05 17:47:06.877+0000 INFO  [o.n.k.i.DiagnosticsManager]:  [classpath + loader.0] file:/C:/Users/Abhillash/Downloads/neo4j-community-2.1.0-M01/system/lib/commons-io-1.4.jar
2014-05-05 17:47:06.877+0000 INFO  [o.n.k.i.DiagnosticsManager]:  [classpath + loader.0] file:/C:/Users/Abhillash/Downloads/neo4j-community-2.1.0-M01/lib/neo4j-lucene-index-2.1.0-M01.jar
2014-05-05 17:47:06.877+0000 INFO  [o.n.k.i.DiagnosticsManager]:  [classpath + loader.0] file:/C:/Users/Abhillash/Downloads/neo4j-community-2.1.0-M01/system/lib/jetty-xml-9.0.5.v20130815.jar
2014-05-05 17:47:06.877+0000 INFO  [o.n.k.i.DiagnosticsManager]:  [classpath + loader.0] file:/C:/Users/Abhillash/Downloads/concurrent-1.3.4.jar
2014-05-05 17:47:06.878+0000 INFO  [o.n.k.i.DiagnosticsManager]:  [classpath + loader.0] file:/C:/Users/Abhillash/Downloads/j3d-core-1.3.1.jar
2014-05-05 17:47:06.878+0000 INFO  [o.n.k.i.DiagnosticsManager]:  [bootstrap] C:\Program Files\Java\jdk1.7.0_55\jre\lib\jce.jar
2014-05-05 17:47:06.878+0000 INFO  [o.n.k.i.DiagnosticsManager]:  [bootstrap] C:\Program Files\Java\jdk1.7.0_55\jre\lib\jsse.jar
2014-05-05 17:47:06.878+0000 INFO  [o.n.k.i.DiagnosticsManager]:  [classpath + loader.0] file:/C:/Users/Abhillash/Downloads/neo4j-community-2.1.0-M01/system/lib/jetty-servlet-9.0.5.v20130815.jar
2014-05-05 17:47:06.878+0000 INFO  [o.n.k.i.DiagnosticsManager]:  [classpath + loader.0] file:/C:/Users/Abhillash/Downloads/neo4j-community-2.1.0-M01/system/lib/logback-access-1.0.9.jar
2014-05-05 17:47:06.878+0000 INFO  [o.n.k.i.DiagnosticsManager]:  [classpath + loader.0] file:/C:/Users/Abhillash/Downloads/neo4j-community-2.1.0-M01/lib/neo4j-cypher-compiler-1.9-2.0.1.jar
2014-05-05 17:47:06.878+0000 INFO  [o.n.k.i.DiagnosticsManager]:  [classpath + loader.0] file:/C:/Users/Abhillash/Downloads/blueprints-core-2.5.0.jar
2014-05-05 17:47:06.878+0000 INFO  [o.n.k.i.DiagnosticsManager]:  [classpath + loader.0] file:/C:/Users/Abhillash/Downloads/neo4j-community-2.1.0-M01/system/lib/commons-digester-1.8.1.jar
2014-05-05 17:47:06.878+0000 INFO  [o.n.k.i.DiagnosticsManager]:  [classpath + loader.0] file:/C:/Users/Abhillash/Downloads/neo4j-community-2.1.0-M01/system/lib/commons-collections-3.2.1.jar
2014-05-05 17:47:06.878+0000 INFO  [o.n.k.i.DiagnosticsManager]:  [classpath + loader.0] file:/C:/Users/Abhillash/Downloads/neo4j-community-2.1.0-M01/system/lib/janino-2.6.1.jar
2014-05-05 17:47:06.878+0000 INFO  [o.n.k.i.DiagnosticsManager]:  [classpath + loader.0] file:/C:/Users/Abhillash/Downloads/neo4j-community-2.1.0-M01/system/lib/neo4j-server-2.1.0-M01.jar
2014-05-05 17:47:06.878+0000 INFO  [o.n.k.i.DiagnosticsManager]:  [classpath + loader.0] file:/C:/Users/Abhillash/Downloads/jung-3d-2.0.1.jar
2014-05-05 17:47:06.878+0000 INFO  [o.n.k.i.DiagnosticsManager]:  [classpath + loader.0] file:/C:/Users/Abhillash/Downloads/neo4j-community-2.1.0-M01/lib/org.apache.servicemix.bundles.jline-0.9.94_1.jar
2014-05-05 17:47:06.878+0000 INFO  [o.n.k.i.DiagnosticsManager]:  [classpath + loader.0] file:/C:/Users/Abhillash/Downloads/neo4j-community-2.1.0-M01/lib/scala-library-2.10.3.jar
2014-05-05 17:47:06.878+0000 INFO  [o.n.k.i.DiagnosticsManager]:  [classpath + loader.0] file:/C:/Users/Abhillash/Downloads/neo4j-community-2.1.0-M01/lib/neo4j-jmx-2.1.0-M01.jar
2014-05-05 17:47:06.878+0000 INFO  [o.n.k.i.DiagnosticsManager]:  [classpath + loader.0] file:/C:/Users/Abhillash/Downloads/neo4j-community-2.1.0-M01/system/lib/jetty-util-9.0.5.v20130815.jar
2014-05-05 17:47:06.879+0000 INFO  [o.n.k.i.DiagnosticsManager]:  [classpath + loader.0] file:/C:/Users/Abhillash/Downloads/neo4j-community-2.1.0-M01/lib/neo4j-cypher-compiler-2.0-2.0.1.jar
2014-05-05 17:47:06.879+0000 INFO  [o.n.k.i.DiagnosticsManager]:  [classpath + loader.0] file:/C:/Users/Abhillash/Downloads/neo4j-community-2.1.0-M01/system/lib/jetty-security-9.0.5.v20130815.jar
2014-05-05 17:47:06.879+0000 INFO  [o.n.k.i.DiagnosticsManager]:  [classpath + loader.0] file:/C:/Users/Abhillash/Downloads/neo4j-community-2.1.0-M01/lib/geronimo-jta_1.1_spec-1.1.1.jar
2014-05-05 17:47:06.879+0000 INFO  [o.n.k.i.DiagnosticsManager]:  [classpath + loader.0] file:/C:/Users/Abhillash/Downloads/hamcrest-core-1.3.jar
2014-05-05 17:47:06.879+0000 INFO  [o.n.k.i.DiagnosticsManager]:  [classpath + loader.0] file:/C:/Users/Abhillash/Downloads/neo4j-community-2.1.0-M01/lib/neo4j-cypher-commons-2.1.0-M01.jar
2014-05-05 17:47:06.879+0000 INFO  [o.n.k.i.DiagnosticsManager]:  [classpath + loader.0] file:/C:/Users/Abhillash/Downloads/neo4j-community-2.1.0-M01/lib/neo4j-graph-matching-2.1.0-M01.jar
2014-05-05 17:47:06.879+0000 INFO  [o.n.k.i.DiagnosticsManager]:  [classpath + loader.0] file:/C:/Users/Abhillash/Downloads/neo4j-community-2.1.0-M01/lib/neo4j-cypher-2.1.0-M01.jar
2014-05-05 17:47:06.879+0000 INFO  [o.n.k.i.DiagnosticsManager]:  [classpath + loader.0] file:/C:/Users/Abhillash/Downloads/neo4j-community-2.1.0-M01/lib/neo4j-kernel-2.1.0-M01.jar
2014-05-05 17:47:06.879+0000 INFO  [o.n.k.i.DiagnosticsManager]:  [classpath + loader.0] file:/C:/Drives/Java/workspace/PubmedCentralMining/bin/
2014-05-05 17:47:06.879+0000 INFO  [o.n.k.i.DiagnosticsManager]:  [classpath + loader.0] file:/C:/Users/Abhillash/Downloads/neo4j-community-2.1.0-M01/lib/concurrentlinkedhashmap-lru-1.3.1.jar
2014-05-05 17:47:06.879+0000 INFO  [o.n.k.i.DiagnosticsManager]:  [classpath + loader.0] file:/C:/Users/Abhillash/Downloads/neo4j-community-2.1.0-M01/system/lib/jetty-http-9.0.5.v20130815.jar
2014-05-05 17:47:06.879+0000 INFO  [o.n.k.i.DiagnosticsManager]:  [classpath + loader.0] file:/C:/Users/Abhillash/Downloads/neo4j-community-2.1.0-M01/system/lib/neo4j-browser-2.1.0-M01.jar
2014-05-05 17:47:06.879+0000 INFO  [o.n.k.i.DiagnosticsManager]:  [classpath + loader.0] file:/C:/Users/Abhillash/Downloads/neo4j-community-2.1.0-M01/system/lib/commons-beanutils-1.8.0.jar
2014-05-05 17:47:06.879+0000 INFO  [o.n.k.i.DiagnosticsManager]:  [classpath + loader.0] file:/C:/Users/Abhillash/Downloads/jung-jai-2.0.1.jar
2014-05-05 17:47:06.879+0000 INFO  [o.n.k.i.DiagnosticsManager]:  [classpath + loader.0] file:/C:/Users/Abhillash/Downloads/neo4j-community-2.1.0-M01/system/lib/opencsv-2.0.jar
2014-05-05 17:47:06.880+0000 INFO  [o.n.k.i.DiagnosticsManager]:  [classpath + loader.0] file:/C:/Users/Abhillash/Downloads/neo4j-community-2.1.0-M01/system/lib/commons-lang-2.4.jar
2014-05-05 17:47:06.880+0000 INFO  [o.n.k.i.DiagnosticsManager]:  [classpath + loader.0] file:/C:/Users/Abhillash/Downloads/blueprints-graph-jung-2.5.0.jar
2014-05-05 17:47:06.880+0000 INFO  [o.n.k.i.DiagnosticsManager]:  [classpath + loader.0] file:/C:/Users/Abhillash/Downloads/neo4j-community-2.1.0-M01/system/lib/jersey-server-1.9.jar
2014-05-05 17:47:06.880+0000 INFO  [o.n.k.i.DiagnosticsManager]:  [classpath + loader.0] file:/C:/Users/Abhillash/Downloads/colt-1.2.0.jar
2014-05-05 17:47:06.880+0000 INFO  [o.n.k.i.DiagnosticsManager]:  [classpath + loader.0] file:/C:/Users/Abhillash/Downloads/jung-graph-impl-2.0.1.jar
2014-05-05 17:47:06.880+0000 INFO  [o.n.k.i.DiagnosticsManager]:  [classpath + loader.0] file:/C:/Users/Abhillash/Downloads/neo4j-community-2.1.0-M01/system/lib/jetty-server-9.0.5.v20130815.jar
2014-05-05 17:47:06.880+0000 INFO  [o.n.k.i.DiagnosticsManager]:  [classpath + loader.0] file:/C:/Users/Abhillash/Downloads/jung-api-2.0.1.jar
2014-05-05 17:47:06.880+0000 INFO  [o.n.k.i.DiagnosticsManager]:  [classpath + loader.0] file:/C:/Users/Abhillash/Downloads/neo4j-community-2.1.0-M01/lib/neo4j-graph-algo-2.1.0-M01.jar
2014-05-05 17:47:06.880+0000 INFO  [o.n.k.i.DiagnosticsManager]:  [classpath + loader.0] file:/C:/Users/Abhillash/Downloads/neo4j-community-2.1.0-M01/system/lib/javax.servlet-3.0.0.v201112011016.jar
2014-05-05 17:47:06.880+0000 INFO  [o.n.k.i.DiagnosticsManager]:  [classpath + loader.0] file:/C:/Users/Abhillash/Downloads/neo4j-community-2.1.0-M01/system/lib/neo4j-server-2.1.0-M01-static-web.jar
2014-05-05 17:47:06.880+0000 INFO  [o.n.k.i.DiagnosticsManager]:  [classpath + loader.0] file:/C:/Users/Abhillash/Downloads/neo4j-community-2.1.0-M01/system/lib/asm-3.1.jar
2014-05-05 17:47:06.880+0000 INFO  [o.n.k.i.DiagnosticsManager]:  [classpath + loader.0] file:/C:/Users/Abhillash/Downloads/neo4j-community-2.1.0-M01/system/lib/commons-beanutils-core-1.8.0.jar
2014-05-05 17:47:06.880+0000 INFO  [o.n.k.i.DiagnosticsManager]:  [loader.1] file:/C:/Program%20Files/Java/jdk1.7.0_55/jre/lib/ext/sunmscapi.jar
2014-05-05 17:47:06.880+0000 INFO  [o.n.k.i.DiagnosticsManager]:  [classpath + loader.0] file:/C:/Users/Abhillash/Downloads/neo4j-community-2.1.0-M01/system/lib/jersey-multipart-1.9.jar
2014-05-05 17:47:06.880+0000 INFO  [o.n.k.i.DiagnosticsManager]:  [classpath + loader.0] file:/C:/Users/Abhillash/Downloads/neo4j-community-2.1.0-M01/system/lib/rrd4j-2.0.7.jar
2014-05-05 17:47:06.880+0000 INFO  [o.n.k.i.DiagnosticsManager]:  [classpath + loader.0] file:/C:/Users/Abhillash/Downloads/neo4j-community-2.1.0-M01/system/lib/jsr311-api-1.1.2.r612.jar
2014-05-05 17:47:06.881+0000 INFO  [o.n.k.i.DiagnosticsManager]:  [loader.1] file:/C:/Program%20Files/Java/jdk1.7.0_55/jre/lib/ext/localedata.jar
2014-05-05 17:47:06.881+0000 INFO  [o.n.k.i.DiagnosticsManager]:  [classpath + loader.0] file:/C:/Users/Abhillash/Downloads/neo4j-community-2.1.0-M01/system/lib/logback-core-1.0.9.jar
2014-05-05 17:47:06.881+0000 INFO  [o.n.k.i.DiagnosticsManager]:  [bootstrap] C:\Program Files\Java\jdk1.7.0_55\jre\lib\charsets.jar
2014-05-05 17:47:06.881+0000 INFO  [o.n.k.i.DiagnosticsManager]:  [loader.1] file:/C:/Program%20Files/Java/jdk1.7.0_55/jre/lib/ext/sunec.jar
2014-05-05 17:47:06.881+0000 INFO  [o.n.k.i.DiagnosticsManager]:  [loader.1] file:/C:/Program%20Files/Java/jdk1.7.0_55/jre/lib/ext/zipfs.jar
2014-05-05 17:47:06.881+0000 INFO  [o.n.k.i.DiagnosticsManager]:  [classpath + loader.0] file:/C:/Users/Abhillash/Downloads/neo4j-community-2.1.0-M01/system/lib/bcprov-jdk16-140.jar
2014-05-05 17:47:06.881+0000 INFO  [o.n.k.i.DiagnosticsManager]:  [classpath + loader.0] file:/C:/Users/Abhillash/Downloads/jung-io-2.0.1.jar
2014-05-05 17:47:06.881+0000 INFO  [o.n.k.i.DiagnosticsManager]:  [classpath + loader.0] file:/C:/Users/Abhillash/Downloads/neo4j-community-2.1.0-M01/lib/neo4j-cypher-compiler-2.1-2.1.0-M01.jar
2014-05-05 17:47:06.881+0000 INFO  [o.n.k.i.DiagnosticsManager]:  [loader.1] file:/C:/Program%20Files/Java/jdk1.7.0_55/jre/lib/ext/access-bridge-64.jar
2014-05-05 17:47:06.881+0000 INFO  [o.n.k.i.DiagnosticsManager]: Library path:
2014-05-05 17:47:06.881+0000 INFO  [o.n.k.i.DiagnosticsManager]: C:\Program Files\Java\jdk1.7.0_55\bin
2014-05-05 17:47:06.882+0000 INFO  [o.n.k.i.DiagnosticsManager]: C:\Windows\Sun\Java\bin
2014-05-05 17:47:06.882+0000 INFO  [o.n.k.i.DiagnosticsManager]: C:\Windows\System32
2014-05-05 17:47:06.882+0000 INFO  [o.n.k.i.DiagnosticsManager]: C:\Windows
2014-05-05 17:47:06.882+0000 INFO  [o.n.k.i.DiagnosticsManager]: C:\Program Files (x86)\OpenSSH\bin
2014-05-05 17:47:06.882+0000 INFO  [o.n.k.i.DiagnosticsManager]: C:\Program Files\Java\jdk1.7.0_25\bin
2014-05-05 17:47:06.883+0000 INFO  [o.n.k.i.DiagnosticsManager]: C:\Program Files (x86)\MiKTeX 2.9\miktex\bin
2014-05-05 17:47:06.883+0000 INFO  [o.n.k.i.DiagnosticsManager]: C:\Program Files\Java\jdk1.7.0_51\bin
2014-05-05 17:47:06.883+0000 INFO  [o.n.k.i.DiagnosticsManager]: C:\Users\Abhillash\AppData\Local\Enthought\Canopy\User
2014-05-05 17:47:06.884+0000 INFO  [o.n.k.i.DiagnosticsManager]: C:\Users\Abhillash\AppData\Local\Enthought\Canopy\User\Scripts
2014-05-05 17:47:06.884+0000 INFO  [o.n.k.i.DiagnosticsManager]: C:\Drives\Java\workspace\PubmedCentralMining
2014-05-05 17:47:06.884+0000 INFO  [o.n.k.i.DiagnosticsManager]: System.properties:
2014-05-05 17:47:06.884+0000 INFO  [o.n.k.i.DiagnosticsManager]: sun.boot.library.path = C:\Program Files\Java\jdk1.7.0_55\jre\bin
2014-05-05 17:47:06.884+0000 INFO  [o.n.k.i.DiagnosticsManager]: path.separator = ;
2014-05-05 17:47:06.884+0000 INFO  [o.n.k.i.DiagnosticsManager]: file.encoding.pkg = sun.io
2014-05-05 17:47:06.884+0000 INFO  [o.n.k.i.DiagnosticsManager]: user.country = US
2014-05-05 17:47:06.884+0000 INFO  [o.n.k.i.DiagnosticsManager]: user.script = 
2014-05-05 17:47:06.884+0000 INFO  [o.n.k.i.DiagnosticsManager]: sun.java.launcher = SUN_STANDARD
2014-05-05 17:47:06.884+0000 INFO  [o.n.k.i.DiagnosticsManager]: sun.os.patch.level = Service Pack 1
2014-05-05 17:47:06.884+0000 INFO  [o.n.k.i.DiagnosticsManager]: user.dir = C:\Drives\Java\workspace\PubmedCentralMining
2014-05-05 17:47:06.884+0000 INFO  [o.n.k.i.DiagnosticsManager]: user.variant = 
2014-05-05 17:47:06.885+0000 INFO  [o.n.k.i.DiagnosticsManager]: sun.jnu.encoding = Cp1252
2014-05-05 17:47:06.885+0000 INFO  [o.n.k.i.DiagnosticsManager]: sun.management.compiler = HotSpot 64-Bit Tiered Compilers
2014-05-05 17:47:06.885+0000 INFO  [o.n.k.i.DiagnosticsManager]: user.home = C:\Users\Abhillash
2014-05-05 17:47:06.885+0000 INFO  [o.n.k.i.DiagnosticsManager]: user.timezone = America/Indianapolis
2014-05-05 17:47:06.885+0000 INFO  [o.n.k.i.DiagnosticsManager]: file.encoding = Cp1252
2014-05-05 17:47:06.885+0000 INFO  [o.n.k.i.DiagnosticsManager]: user.name = Abhillash
2014-05-05 17:47:06.885+0000 INFO  [o.n.k.i.DiagnosticsManager]: sun.java.command = edu.iub.pubmed.PubmedCentral C:\\Drives\\Spring14\\LibIndStdy\\Pubmed\\DataSet\\Data\\ACS_Synth_Biol dumpDirect logDir
2014-05-05 17:47:06.885+0000 INFO  [o.n.k.i.DiagnosticsManager]: sun.arch.data.model = 64
2014-05-05 17:47:06.885+0000 INFO  [o.n.k.i.DiagnosticsManager]: user.language = en
2014-05-05 17:47:06.885+0000 INFO  [o.n.k.i.DiagnosticsManager]: awt.toolkit = sun.awt.windows.WToolkit
2014-05-05 17:47:06.885+0000 INFO  [o.n.k.i.DiagnosticsManager]: file.separator = \
2014-05-05 17:47:06.885+0000 INFO  [o.n.k.i.DiagnosticsManager]: sun.io.unicode.encoding = UnicodeLittle
2014-05-05 17:47:06.885+0000 INFO  [o.n.k.i.DiagnosticsManager]: sun.cpu.endian = little
2014-05-05 17:47:06.885+0000 INFO  [o.n.k.i.DiagnosticsManager]: sun.desktop = windows
2014-05-05 17:47:06.885+0000 INFO  [o.n.k.i.DiagnosticsManager]: sun.cpu.isalist = amd64
2014-05-05 17:47:06.886+0000 INFO  [o.n.k.i.DiagnosticsManager]: Network information:
2014-05-05 17:47:07.082+0000 INFO  [o.n.k.i.DiagnosticsManager]: Interface Software Loopback Interface 1:
2014-05-05 17:47:07.082+0000 INFO  [o.n.k.i.DiagnosticsManager]:     address: 127.0.0.1
2014-05-05 17:47:07.082+0000 INFO  [o.n.k.i.DiagnosticsManager]:     address: 0:0:0:0:0:0:0:1
2014-05-05 17:47:07.082+0000 INFO  [o.n.k.i.DiagnosticsManager]: Interface WAN Miniport (SSTP):
2014-05-05 17:47:07.082+0000 INFO  [o.n.k.i.DiagnosticsManager]: Interface WAN Miniport (L2TP):
2014-05-05 17:47:07.083+0000 INFO  [o.n.k.i.DiagnosticsManager]: Interface WAN Miniport (PPTP):
2014-05-05 17:47:07.083+0000 INFO  [o.n.k.i.DiagnosticsManager]: Interface WAN Miniport (PPPOE):
2014-05-05 17:47:07.083+0000 INFO  [o.n.k.i.DiagnosticsManager]: Interface WAN Miniport (IPv6):
2014-05-05 17:47:07.083+0000 INFO  [o.n.k.i.DiagnosticsManager]: Interface WAN Miniport (Network Monitor):
2014-05-05 17:47:07.083+0000 INFO  [o.n.k.i.DiagnosticsManager]: Interface WAN Miniport (IP):
2014-05-05 17:47:07.083+0000 INFO  [o.n.k.i.DiagnosticsManager]: Interface RAS Async Adapter:
2014-05-05 17:47:07.083+0000 INFO  [o.n.k.i.DiagnosticsManager]: Interface WAN Miniport (IKEv2):
2014-05-05 17:47:07.083+0000 INFO  [o.n.k.i.DiagnosticsManager]: Interface Bluetooth Device (RFCOMM Protocol TDI):
2014-05-05 17:47:07.083+0000 INFO  [o.n.k.i.DiagnosticsManager]: Interface Bluetooth Device (Personal Area Network):
2014-05-05 17:47:07.083+0000 INFO  [o.n.k.i.DiagnosticsManager]: Interface Intel(R) Centrino(R) Wireless-N 2230:
2014-05-05 17:47:07.083+0000 INFO  [o.n.k.i.DiagnosticsManager]:     address: 10.0.0.19
2014-05-05 17:47:07.084+0000 INFO  [o.n.k.i.DiagnosticsManager]: Interface Microsoft Virtual WiFi Miniport Adapter:
2014-05-05 17:47:07.084+0000 INFO  [o.n.k.i.DiagnosticsManager]: Interface Microsoft Virtual WiFi Miniport Adapter #2:
2014-05-05 17:47:07.084+0000 INFO  [o.n.k.i.DiagnosticsManager]: Interface Realtek PCIe GBE Family Controller:
2014-05-05 17:47:07.084+0000 INFO  [o.n.k.i.DiagnosticsManager]: Interface Teredo Tunneling Pseudo-Interface:
2014-05-05 17:47:07.084+0000 INFO  [o.n.k.i.DiagnosticsManager]:     address: fe80:0:0:0:0:100:7f:fffe%17
2014-05-05 17:47:07.084+0000 INFO  [o.n.k.i.DiagnosticsManager]: Interface Intel(R) Centrino(R) Wireless-N 2230 - VirtualBox Bridged Networking Driver Miniport:
2014-05-05 17:47:07.084+0000 INFO  [o.n.k.i.DiagnosticsManager]: Interface Microsoft Virtual WiFi Miniport Adapter - VirtualBox Bridged Networking Driver Miniport:
2014-05-05 17:47:07.084+0000 INFO  [o.n.k.i.DiagnosticsManager]: Interface Microsoft Virtual WiFi Miniport Adapter #2 - VirtualBox Bridged Networking Driver Miniport:
2014-05-05 17:47:07.084+0000 INFO  [o.n.k.i.DiagnosticsManager]: Interface Realtek PCIe GBE Family Controller - VirtualBox Bridged Networking Driver Miniport:
2014-05-05 17:47:07.084+0000 INFO  [o.n.k.i.DiagnosticsManager]: Interface VirtualBox Host-Only Ethernet Adapter:
2014-05-05 17:47:07.085+0000 INFO  [o.n.k.i.DiagnosticsManager]:     address: 169.254.192.105
2014-05-05 17:47:07.085+0000 INFO  [o.n.k.i.DiagnosticsManager]:     address: fe80:0:0:0:a00:27ff:fe00:dcda%22
2014-05-05 17:47:07.085+0000 INFO  [o.n.k.i.DiagnosticsManager]: Interface Microsoft ISATAP Adapter #6:
2014-05-05 17:47:07.085+0000 INFO  [o.n.k.i.DiagnosticsManager]: Interface Microsoft ISATAP Adapter:
2014-05-05 17:47:07.085+0000 INFO  [o.n.k.i.DiagnosticsManager]: Interface Microsoft ISATAP Adapter #3:
2014-05-05 17:47:07.085+0000 INFO  [o.n.k.i.DiagnosticsManager]: Interface Microsoft ISATAP Adapter #4:
2014-05-05 17:47:07.085+0000 INFO  [o.n.k.i.DiagnosticsManager]: Interface Microsoft ISATAP Adapter #8:
2014-05-05 17:47:07.085+0000 INFO  [o.n.k.i.DiagnosticsManager]: Interface Microsoft 6to4 Adapter:
2014-05-05 17:47:07.085+0000 INFO  [o.n.k.i.DiagnosticsManager]: Interface Microsoft ISATAP Adapter #2:
2014-05-05 17:47:07.085+0000 INFO  [o.n.k.i.DiagnosticsManager]: Interface Microsoft ISATAP Adapter #5:
2014-05-05 17:47:07.086+0000 INFO  [o.n.k.i.DiagnosticsManager]: Interface Intel(R) Centrino(R) Wireless-N 2230-Virtual WiFi Filter Driver-0000:
2014-05-05 17:47:07.086+0000 INFO  [o.n.k.i.DiagnosticsManager]: Interface WAN Miniport (Network Monitor)-QoS Packet Scheduler-0000:
2014-05-05 17:47:07.086+0000 INFO  [o.n.k.i.DiagnosticsManager]: Interface WAN Miniport (IP)-QoS Packet Scheduler-0000:
2014-05-05 17:47:07.086+0000 INFO  [o.n.k.i.DiagnosticsManager]: Interface WAN Miniport (IPv6)-QoS Packet Scheduler-0000:
2014-05-05 17:47:07.086+0000 INFO  [o.n.k.i.DiagnosticsManager]: Interface VirtualBox Host-Only Ethernet Adapter-QoS Packet Scheduler-0000:
2014-05-05 17:47:07.086+0000 INFO  [o.n.k.i.DiagnosticsManager]: Interface VirtualBox Host-Only Ethernet Adapter-WFP LightWeight Filter-0000:
2014-05-05 17:47:07.086+0000 INFO  [o.n.k.i.DiagnosticsManager]: Interface Intel(R) Centrino(R) Wireless-N 2230 - VirtualBox Bridged Networking Driver Miniport-QoS Packet Scheduler-0000:
2014-05-05 17:47:07.086+0000 INFO  [o.n.k.i.DiagnosticsManager]: Interface Intel(R) Centrino(R) Wireless-N 2230 - VirtualBox Bridged Networking Driver Miniport-WFP LightWeight Filter-0000:
2014-05-05 17:47:07.086+0000 INFO  [o.n.k.i.DiagnosticsManager]: Interface Intel(R) Centrino(R) Wireless-N 2230-Native WiFi Filter Driver-0000:
2014-05-05 17:47:07.086+0000 INFO  [o.n.k.i.DiagnosticsManager]: Interface Microsoft Virtual WiFi Miniport Adapter - VirtualBox Bridged Networking Driver Miniport-QoS Packet Scheduler-0000:
2014-05-05 17:47:07.087+0000 INFO  [o.n.k.i.DiagnosticsManager]: Interface Microsoft Virtual WiFi Miniport Adapter - VirtualBox Bridged Networking Driver Miniport-WFP LightWeight Filter-0000:
2014-05-05 17:47:07.087+0000 INFO  [o.n.k.i.DiagnosticsManager]: Interface Microsoft Virtual WiFi Miniport Adapter #2-Native WiFi Filter Driver-0000:
2014-05-05 17:47:07.087+0000 INFO  [o.n.k.i.DiagnosticsManager]: Interface Microsoft Virtual WiFi Miniport Adapter #2 - VirtualBox Bridged Networking Driver Miniport-QoS Packet Scheduler-0000:
2014-05-05 17:47:07.087+0000 INFO  [o.n.k.i.DiagnosticsManager]: Interface Microsoft Virtual WiFi Miniport Adapter #2 - VirtualBox Bridged Networking Driver Miniport-WFP LightWeight Filter-0000:
2014-05-05 17:47:07.087+0000 INFO  [o.n.k.i.DiagnosticsManager]: Interface Microsoft Virtual WiFi Miniport Adapter-Native WiFi Filter Driver-0000:
2014-05-05 17:47:07.087+0000 INFO  [o.n.k.i.DiagnosticsManager]: Interface Realtek PCIe GBE Family Controller - VirtualBox Bridged Networking Driver Miniport-QoS Packet Scheduler-0000:
2014-05-05 17:47:07.087+0000 INFO  [o.n.k.i.DiagnosticsManager]: Interface Realtek PCIe GBE Family Controller - VirtualBox Bridged Networking Driver Miniport-WFP LightWeight Filter-0000:
2014-05-05 17:47:07.087+0000 INFO  [o.n.k.i.DiagnosticsManager]: Interface Microsoft ISATAP Adapter #7:
2014-05-05 17:47:07.087+0000 INFO  [o.n.k.i.DiagnosticsManager]:     address: fe80:0:0:0:0:5efe:a00:13%48
2014-05-05 17:47:07.087+0000 INFO  [o.n.k.i.DiagnosticsManager]: --- INITIALIZED diagnostics END ---
2014-05-05 17:47:07.101+0000 INFO  [o.n.k.i.n.s.StoreFactory]: Creating new db @ hetrogeneousgraph\neostore
2014-05-05 17:47:07.145+0000 INFO  [o.n.k.i.n.s.StoreFactory]: [hetrogeneousgraph\neostore.relationshiptypestore.db.names] brickCount=0 brickSize=0b mappedMem=0b (storeSize=38b)
2014-05-05 17:47:07.146+0000 INFO  [o.n.k.i.n.s.StoreFactory]: [hetrogeneousgraph\neostore.relationshiptypestore.db] brickCount=0 brickSize=0b mappedMem=0b (storeSize=0b)
2014-05-05 17:47:07.147+0000 INFO  [o.n.k.i.n.s.StoreFactory]: hetrogeneousgraph\neostore.relationshiptypestore.db.names hit=0 miss=0 switches=0 ooe=0
2014-05-05 17:47:07.149+0000 INFO  [o.n.k.i.n.s.StoreFactory]: hetrogeneousgraph\neostore.relationshiptypestore.db hit=0 miss=0 switches=0 ooe=0
2014-05-05 17:47:07.160+0000 INFO  [o.n.k.i.n.s.StoreFactory]: [hetrogeneousgraph\neostore.labeltokenstore.db.names] brickCount=0 brickSize=0b mappedMem=0b (storeSize=38b)
2014-05-05 17:47:07.160+0000 INFO  [o.n.k.i.n.s.StoreFactory]: [hetrogeneousgraph\neostore.labeltokenstore.db] brickCount=0 brickSize=0b mappedMem=0b (storeSize=0b)
2014-05-05 17:47:07.162+0000 INFO  [o.n.k.i.n.s.StoreFactory]: hetrogeneousgraph\neostore.labeltokenstore.db.names hit=0 miss=0 switches=0 ooe=0
2014-05-05 17:47:07.165+0000 INFO  [o.n.k.i.n.s.StoreFactory]: hetrogeneousgraph\neostore.labeltokenstore.db hit=0 miss=0 switches=0 ooe=0
2014-05-05 17:47:07.179+0000 INFO  [o.n.k.i.n.s.StoreFactory]: [hetrogeneousgraph\neostore.relationshiptypestore.db.names] brickCount=0 brickSize=0b mappedMem=0b (storeSize=38b)
2014-05-05 17:47:07.180+0000 INFO  [o.n.k.i.n.s.StoreFactory]: [hetrogeneousgraph\neostore.relationshiptypestore.db] brickCount=0 brickSize=0b mappedMem=0b (storeSize=0b)
2014-05-05 17:47:07.181+0000 INFO  [o.n.k.i.n.s.StoreFactory]: [hetrogeneousgraph\neostore.labeltokenstore.db.names] brickCount=0 brickSize=0b mappedMem=0b (storeSize=38b)
2014-05-05 17:47:07.181+0000 INFO  [o.n.k.i.n.s.StoreFactory]: [hetrogeneousgraph\neostore.labeltokenstore.db] brickCount=0 brickSize=0b mappedMem=0b (storeSize=0b)
2014-05-05 17:47:07.182+0000 INFO  [o.n.k.i.n.s.StoreFactory]: [hetrogeneousgraph\neostore.propertystore.db.strings] brickCount=0 brickSize=44032b mappedMem=44040192b (storeSize=128b)
2014-05-05 17:47:07.183+0000 INFO  [o.n.k.i.n.s.StoreFactory]: [hetrogeneousgraph\neostore.propertystore.db.index.keys] brickCount=0 brickSize=0b mappedMem=0b (storeSize=38b)
2014-05-05 17:47:07.183+0000 INFO  [o.n.k.i.n.s.StoreFactory]: [hetrogeneousgraph\neostore.propertystore.db.index] brickCount=0 brickSize=0b mappedMem=0b (storeSize=0b)
2014-05-05 17:47:07.184+0000 INFO  [o.n.k.i.n.s.StoreFactory]: [hetrogeneousgraph\neostore.propertystore.db.arrays] brickCount=0 brickSize=50304b mappedMem=50331648b (storeSize=128b)
2014-05-05 17:47:07.185+0000 INFO  [o.n.k.i.n.s.StoreFactory]: [hetrogeneousgraph\neostore.propertystore.db] brickCount=0 brickSize=524267b mappedMem=52428800b (storeSize=0b)
2014-05-05 17:47:07.186+0000 INFO  [o.n.k.i.n.s.StoreFactory]: [hetrogeneousgraph\neostore.relationshipstore.db] brickCount=0 brickSize=639608b mappedMem=63963136b (storeSize=0b)
2014-05-05 17:47:07.186+0000 INFO  [o.n.k.i.n.s.StoreFactory]: [hetrogeneousgraph\neostore.nodestore.db.labels] brickCount=0 brickSize=0b mappedMem=0b (storeSize=68b)
2014-05-05 17:47:07.187+0000 INFO  [o.n.k.i.n.s.StoreFactory]: [hetrogeneousgraph\neostore.nodestore.db] brickCount=0 brickSize=136305b mappedMem=13631488b (storeSize=0b)
2014-05-05 17:47:07.188+0000 INFO  [o.n.k.i.n.s.StoreFactory]: [hetrogeneousgraph\neostore.schemastore.db] brickCount=0 brickSize=0b mappedMem=0b (storeSize=64b)
2014-05-05 17:47:07.188+0000 INFO  [o.n.k.i.n.s.StoreFactory]: [hetrogeneousgraph\neostore.relationshipgroupstore.db] brickCount=0 brickSize=0b mappedMem=0b (storeSize=20b)
2014-05-05 17:47:07.189+0000 INFO  [o.n.k.i.n.s.StoreFactory]: [hetrogeneousgraph\neostore] brickCount=0 brickSize=0b mappedMem=0b (storeSize=0b)
2014-05-05 17:47:07.190+0000 INFO  [o.n.k.i.n.s.StoreFactory]: hetrogeneousgraph\neostore.relationshiptypestore.db.names hit=0 miss=0 switches=0 ooe=0
2014-05-05 17:47:07.194+0000 INFO  [o.n.k.i.n.s.StoreFactory]: hetrogeneousgraph\neostore.relationshiptypestore.db hit=0 miss=0 switches=0 ooe=0
2014-05-05 17:47:07.197+0000 INFO  [o.n.k.i.n.s.StoreFactory]: hetrogeneousgraph\neostore.labeltokenstore.db.names hit=0 miss=0 switches=0 ooe=0
2014-05-05 17:47:07.200+0000 INFO  [o.n.k.i.n.s.StoreFactory]: hetrogeneousgraph\neostore.labeltokenstore.db hit=0 miss=0 switches=0 ooe=0
2014-05-05 17:47:07.203+0000 INFO  [o.n.k.i.n.s.StoreFactory]: hetrogeneousgraph\neostore.propertystore.db.strings hit=0 miss=0 switches=0 ooe=0
2014-05-05 17:47:07.206+0000 INFO  [o.n.k.i.n.s.StoreFactory]: hetrogeneousgraph\neostore.propertystore.db.index.keys hit=0 miss=0 switches=0 ooe=0
2014-05-05 17:47:07.209+0000 INFO  [o.n.k.i.n.s.StoreFactory]: hetrogeneousgraph\neostore.propertystore.db.index hit=0 miss=0 switches=0 ooe=0
2014-05-05 17:47:07.211+0000 INFO  [o.n.k.i.n.s.StoreFactory]: hetrogeneousgraph\neostore.propertystore.db.arrays hit=0 miss=0 switches=0 ooe=0
2014-05-05 17:47:07.214+0000 INFO  [o.n.k.i.n.s.StoreFactory]: hetrogeneousgraph\neostore.propertystore.db hit=0 miss=0 switches=0 ooe=0
2014-05-05 17:47:07.217+0000 INFO  [o.n.k.i.n.s.StoreFactory]: hetrogeneousgraph\neostore.relationshipstore.db hit=0 miss=0 switches=0 ooe=0
2014-05-05 17:47:07.219+0000 INFO  [o.n.k.i.n.s.StoreFactory]: hetrogeneousgraph\neostore.nodestore.db.labels hit=0 miss=0 switches=0 ooe=0
2014-05-05 17:47:07.222+0000 INFO  [o.n.k.i.n.s.StoreFactory]: hetrogeneousgraph\neostore.nodestore.db hit=0 miss=0 switches=0 ooe=0
2014-05-05 17:47:07.225+0000 INFO  [o.n.k.i.n.s.StoreFactory]: hetrogeneousgraph\neostore.schemastore.db hit=0 miss=0 switches=0 ooe=0
2014-05-05 17:47:07.228+0000 INFO  [o.n.k.i.n.s.StoreFactory]: hetrogeneousgraph\neostore.relationshipgroupstore.db hit=0 miss=0 switches=0 ooe=0
2014-05-05 17:47:07.231+0000 INFO  [o.n.k.i.n.s.StoreFactory]: hetrogeneousgraph\neostore hit=0 miss=8 switches=0 ooe=0
2014-05-05 17:47:07.234+0000 INFO  [o.n.k.i.n.s.StoreFactory]: [hetrogeneousgraph\neostore.relationshiptypestore.db.names] brickCount=0 brickSize=0b mappedMem=0b (storeSize=38b)
2014-05-05 17:47:07.234+0000 INFO  [o.n.k.i.n.s.StoreFactory]: [hetrogeneousgraph\neostore.relationshiptypestore.db] brickCount=0 brickSize=0b mappedMem=0b (storeSize=0b)
2014-05-05 17:47:07.235+0000 INFO  [o.n.k.i.n.s.StoreFactory]: [hetrogeneousgraph\neostore.labeltokenstore.db.names] brickCount=0 brickSize=0b mappedMem=0b (storeSize=38b)
2014-05-05 17:47:07.235+0000 INFO  [o.n.k.i.n.s.StoreFactory]: [hetrogeneousgraph\neostore.labeltokenstore.db] brickCount=0 brickSize=0b mappedMem=0b (storeSize=0b)
2014-05-05 17:47:07.236+0000 INFO  [o.n.k.i.n.s.StoreFactory]: [hetrogeneousgraph\neostore.propertystore.db.strings] brickCount=0 brickSize=44032b mappedMem=44040192b (storeSize=128b)
2014-05-05 17:47:07.236+0000 INFO  [o.n.k.i.n.s.StoreFactory]: [hetrogeneousgraph\neostore.propertystore.db.index.keys] brickCount=0 brickSize=0b mappedMem=0b (storeSize=38b)
2014-05-05 17:47:07.237+0000 INFO  [o.n.k.i.n.s.StoreFactory]: [hetrogeneousgraph\neostore.propertystore.db.index] brickCount=0 brickSize=0b mappedMem=0b (storeSize=0b)
2014-05-05 17:47:07.237+0000 INFO  [o.n.k.i.n.s.StoreFactory]: [hetrogeneousgraph\neostore.propertystore.db.arrays] brickCount=0 brickSize=50304b mappedMem=50331648b (storeSize=128b)
2014-05-05 17:47:07.238+0000 INFO  [o.n.k.i.n.s.StoreFactory]: [hetrogeneousgraph\neostore.propertystore.db] brickCount=0 brickSize=524267b mappedMem=52428800b (storeSize=0b)
2014-05-05 17:47:07.238+0000 INFO  [o.n.k.i.n.s.StoreFactory]: [hetrogeneousgraph\neostore.relationshipstore.db] brickCount=0 brickSize=639608b mappedMem=63963136b (storeSize=0b)
2014-05-05 17:47:07.239+0000 INFO  [o.n.k.i.n.s.StoreFactory]: [hetrogeneousgraph\neostore.nodestore.db.labels] brickCount=0 brickSize=0b mappedMem=0b (storeSize=68b)
2014-05-05 17:47:07.240+0000 INFO  [o.n.k.i.n.s.StoreFactory]: [hetrogeneousgraph\neostore.nodestore.db] brickCount=0 brickSize=136305b mappedMem=13631488b (storeSize=0b)
2014-05-05 17:47:07.240+0000 INFO  [o.n.k.i.n.s.StoreFactory]: [hetrogeneousgraph\neostore.schemastore.db] brickCount=0 brickSize=0b mappedMem=0b (storeSize=64b)
2014-05-05 17:47:07.241+0000 INFO  [o.n.k.i.n.s.StoreFactory]: [hetrogeneousgraph\neostore.relationshipgroupstore.db] brickCount=0 brickSize=0b mappedMem=0b (storeSize=40b)
2014-05-05 17:47:07.241+0000 INFO  [o.n.k.i.n.s.StoreFactory]: [hetrogeneousgraph\neostore] brickCount=0 brickSize=0b mappedMem=0b (storeSize=63b)
2014-05-05 17:47:07.243+0000 INFO  [o.n.k.a.i.i.LuceneLabelScanStore]: No lucene scan store index found, this might just be first use. Preparing to rebuild.
2014-05-05 17:47:07.244+0000 INFO  [o.n.k.a.i.i.LuceneLabelScanStore]: No lucene scan store index found, this might just be first use. Preparing to rebuild.
2014-05-05 17:47:07.248+0000 INFO  [o.n.k.i.t.x.XaLogicalLog]: Opened logical log [hetrogeneousgraph\nioneo_logical.log.1] version=0, lastTxId=1 (clean)
2014-05-05 17:47:07.250+0000 INFO  [o.n.k.a.i.i.LuceneLabelScanStore]: Rebuilding lucene scan store, this may take a while
2014-05-05 17:47:07.250+0000 INFO  [o.n.k.a.i.i.LuceneLabelScanStore]: Lucene scan store rebuilt (roughly -1 nodes)
2014-05-05 17:47:07.252+0000 INFO  [o.n.k.i.t.TxManager]: TM new log: tm_tx_log.1
2014-05-05 17:47:07.255+0000 INFO  [o.n.k.i.t.x.XaLogicalLog]: Opened logical log [hetrogeneousgraph\index\lucene.log.1] version=0, lastTxId=1 (clean)
2014-05-05 17:47:07.257+0000 INFO  [o.n.k.i.DiagnosticsManager]: --- STARTED diagnostics for KernelDiagnostics:Versions START ---
2014-05-05 17:47:07.257+0000 INFO  [o.n.k.i.DiagnosticsManager]: Graph Database: org.neo4j.kernel.EmbeddedGraphDatabase StoreId[time:1399312027101, id:-1120009857962828980, store version: 14124606318212614]
2014-05-05 17:47:07.257+0000 INFO  [o.n.k.i.DiagnosticsManager]: Kernel version: Neo4j - Graph Database Kernel (neo4j-kernel), version: 2.1.0-M01
2014-05-05 17:47:07.257+0000 INFO  [o.n.k.i.DiagnosticsManager]: Neo4j component versions:
2014-05-05 17:47:07.276+0000 INFO  [o.n.k.i.DiagnosticsManager]:   Neo4j - Lucene Index (neo4j-lucene-index), version: 2.1.0-M01; revision: 2.1.0-M01:master:68/70812a5a9d57c6720727ca1cf7057f8784094041
2014-05-05 17:47:07.276+0000 INFO  [o.n.k.i.DiagnosticsManager]:   Neo4j - JMX support (neo4j-jmx), version: 2.1.0-M01; revision: 2.1.0-M01:master:68/70812a5a9d57c6720727ca1cf7057f8784094041
2014-05-05 17:47:07.276+0000 INFO  [o.n.k.i.DiagnosticsManager]:   Neo4j - Graph Matching (neo4j-graph-matching), version: 2.1.0-M01; revision: 2.1.0-M01:master:68/70812a5a9d57c6720727ca1cf7057f8784094041
2014-05-05 17:47:07.276+0000 INFO  [o.n.k.i.DiagnosticsManager]:   Neo4j Server API (server-api), version: 2.1.0-M01; revision: 2.1.0-M01:master:68/70812a5a9d57c6720727ca1cf7057f8784094041
2014-05-05 17:47:07.276+0000 INFO  [o.n.k.i.DiagnosticsManager]:   Neo4j - Graph Database Kernel (neo4j-kernel), version: 2.1.0-M01; revision: 2.1.0-M01:master:68/70812a5a9d57c6720727ca1cf7057f8784094041
2014-05-05 17:47:07.276+0000 INFO  [o.n.k.i.DiagnosticsManager]:   Neo4j - Cypher (neo4j-cypher), version: 2.1.0-M01; revision: 2.1.0-M01:master:68/70812a5a9d57c6720727ca1cf7057f8784094041
2014-05-05 17:47:07.277+0000 INFO  [o.n.k.i.DiagnosticsManager]:   Neo4j Server (neo4j-server), version: 2.1.0-M01; revision: 2.1.0-M01:master:68/70812a5a9d57c6720727ca1cf7057f8784094041
2014-05-05 17:47:07.277+0000 INFO  [o.n.k.i.DiagnosticsManager]:   Neo4j - Graph Algorithms (neo4j-graph-algo), version: 2.1.0-M01; revision: 2.1.0-M01:master:68/70812a5a9d57c6720727ca1cf7057f8784094041
2014-05-05 17:47:07.277+0000 INFO  [o.n.k.i.DiagnosticsManager]:   Neo4j - Cypher Compiler 2.0 (neo4j-cypher-compiler-2.0), version: 2.0.1; revision: 2.0.1:master:878/8bb63c9c059d8a491b7909e08da86a820c28d3a5
2014-05-05 17:47:07.277+0000 INFO  [o.n.k.i.DiagnosticsManager]:   Neo4j - Generic shell (neo4j-shell), version: 2.1.0-M01; revision: 2.1.0-M01:master:68/70812a5a9d57c6720727ca1cf7057f8784094041
2014-05-05 17:47:07.277+0000 INFO  [o.n.k.i.DiagnosticsManager]:   Neo4j - Cypher Compiler 1.9 (neo4j-cypher-compiler-1.9), version: 2.0.1; revision: 2.0.1:master:878/8bb63c9c059d8a491b7909e08da86a820c28d3a5
2014-05-05 17:47:07.277+0000 INFO  [o.n.k.i.DiagnosticsManager]:   neo4j-udc, version: 2.1.0-M01; revision: 2.1.0-M01:master:68/70812a5a9d57c6720727ca1cf7057f8784094041
2014-05-05 17:47:07.277+0000 INFO  [o.n.k.i.DiagnosticsManager]:   Neo4j - Cypher Commons (neo4j-cypher-commons), version: 2.1.0-M01; revision: 2.1.0-M01:master:68/70812a5a9d57c6720727ca1cf7057f8784094041
2014-05-05 17:47:07.277+0000 INFO  [o.n.k.i.DiagnosticsManager]: --- STARTED diagnostics for KernelDiagnostics:Versions END ---
2014-05-05 17:47:07.277+0000 INFO  [o.n.k.i.DiagnosticsManager]: --- STARTED diagnostics for NEO_STORE_VERSIONS START ---
2014-05-05 17:47:07.277+0000 INFO  [o.n.k.i.DiagnosticsManager]: Store versions:
2014-05-05 17:47:07.277+0000 INFO  [o.n.k.i.DiagnosticsManager]: Store versions:
2014-05-05 17:47:07.277+0000 INFO  [o.n.k.i.DiagnosticsManager]:   NeoStore v0.A.2
2014-05-05 17:47:07.277+0000 INFO  [o.n.k.i.DiagnosticsManager]:   SchemaStore v0.A.2
2014-05-05 17:47:07.277+0000 INFO  [o.n.k.i.DiagnosticsManager]:   NodeStore v0.A.2
2014-05-05 17:47:07.277+0000 INFO  [o.n.k.i.DiagnosticsManager]:   RelationshipStore v0.A.2
2014-05-05 17:47:07.278+0000 INFO  [o.n.k.i.DiagnosticsManager]:   RelationshipTypeStore v0.A.2
2014-05-05 17:47:07.278+0000 INFO  [o.n.k.i.DiagnosticsManager]:   LabelTokenStore v0.A.2
2014-05-05 17:47:07.278+0000 INFO  [o.n.k.i.DiagnosticsManager]:   PropertyStore v0.A.2
2014-05-05 17:47:07.278+0000 INFO  [o.n.k.i.DiagnosticsManager]:   PropertyIndexStore v0.A.2
2014-05-05 17:47:07.278+0000 INFO  [o.n.k.i.DiagnosticsManager]:   StringPropertyStore v0.A.2
2014-05-05 17:47:07.278+0000 INFO  [o.n.k.i.DiagnosticsManager]:   ArrayPropertyStore v0.A.2
2014-05-05 17:47:07.278+0000 INFO  [o.n.k.i.DiagnosticsManager]:   RelationshipGroupStore v0.A.2
2014-05-05 17:47:07.278+0000 INFO  [o.n.k.i.DiagnosticsManager]: --- STARTED diagnostics for NEO_STORE_VERSIONS END ---
2014-05-05 17:47:07.278+0000 INFO  [o.n.k.i.DiagnosticsManager]: --- STARTED diagnostics for NEO_STORE_ID_USAGE START ---
2014-05-05 17:47:07.278+0000 INFO  [o.n.k.i.DiagnosticsManager]: Id usage:
2014-05-05 17:47:07.278+0000 INFO  [o.n.k.i.DiagnosticsManager]: Id usage:
2014-05-05 17:47:07.278+0000 INFO  [o.n.k.i.DiagnosticsManager]:   SchemaStore: used=1 high=0
2014-05-05 17:47:07.278+0000 INFO  [o.n.k.i.DiagnosticsManager]:   NodeStore: used=0 high=-1
2014-05-05 17:47:07.279+0000 INFO  [o.n.k.i.DiagnosticsManager]:   RelationshipStore: used=0 high=-1
2014-05-05 17:47:07.279+0000 INFO  [o.n.k.i.DiagnosticsManager]:   RelationshipTypeStore: used=0 high=-1
2014-05-05 17:47:07.279+0000 INFO  [o.n.k.i.DiagnosticsManager]:   LabelTokenStore: used=0 high=-1
2014-05-05 17:47:07.279+0000 INFO  [o.n.k.i.DiagnosticsManager]:   PropertyStore: used=0 high=-1
2014-05-05 17:47:07.279+0000 INFO  [o.n.k.i.DiagnosticsManager]:   PropertyIndexStore: used=0 high=-1
2014-05-05 17:47:07.279+0000 INFO  [o.n.k.i.DiagnosticsManager]:   StringPropertyStore: used=1 high=0
2014-05-05 17:47:07.279+0000 INFO  [o.n.k.i.DiagnosticsManager]:   ArrayPropertyStore: used=1 high=0
2014-05-05 17:47:07.279+0000 INFO  [o.n.k.i.DiagnosticsManager]:   RelationshipGroupStore: used=2 high=1
2014-05-05 17:47:07.280+0000 INFO  [o.n.k.i.DiagnosticsManager]: --- STARTED diagnostics for NEO_STORE_ID_USAGE END ---
2014-05-05 17:47:07.280+0000 INFO  [o.n.k.i.DiagnosticsManager]: --- STARTED diagnostics for PERSISTENCE_WINDOW_POOL_STATS START ---
2014-05-05 17:47:07.280+0000 INFO  [o.n.k.i.DiagnosticsManager]: --- STARTED diagnostics for PERSISTENCE_WINDOW_POOL_STATS END ---
2014-05-05 17:47:07.280+0000 INFO  [o.n.k.i.DiagnosticsManager]: --- STARTED diagnostics for KernelDiagnostics:StoreFiles START ---
2014-05-05 17:47:07.281+0000 INFO  [o.n.k.i.DiagnosticsManager]: Disk space on partition (Total / Free / Free %): 333586862080 / 124553392128 / 37
Storage files: (filename : modification date - size)
2014-05-05 17:47:07.282+0000 INFO  [o.n.k.i.DiagnosticsManager]:   active_tx_log: 2014-05-05T13:47:07-0400 - 11.00 B
2014-05-05 17:47:07.282+0000 INFO  [o.n.k.i.DiagnosticsManager]:   index:
2014-05-05 17:47:07.283+0000 INFO  [o.n.k.i.DiagnosticsManager]:     lucene-store.db: 2014-05-05T13:47:07-0400 - 40.00 B
2014-05-05 17:47:07.283+0000 INFO  [o.n.k.i.DiagnosticsManager]:     lucene.log.1: 2014-05-05T13:47:07-0400 - 16.00 B
2014-05-05 17:47:07.283+0000 INFO  [o.n.k.i.DiagnosticsManager]:     lucene.log.active: 2014-05-05T13:47:07-0400 - 4.00 B
2014-05-05 17:47:07.284+0000 INFO  [o.n.k.i.DiagnosticsManager]:   - Total: 2014-05-05T13:47:07-0400 - 60.00 B
2014-05-05 17:47:07.284+0000 INFO  [o.n.k.i.DiagnosticsManager]:   lock: 2014-05-05T13:47:07-0400 - 0.00 B
2014-05-05 17:47:07.284+0000 INFO  [o.n.k.i.DiagnosticsManager]:   messages.log: 2014-05-05T13:47:06-0400 - 49.32 kB
2014-05-05 17:47:07.285+0000 INFO  [o.n.k.i.DiagnosticsManager]:   neostore: 2014-05-05T13:47:07-0400 - 63.00 B
2014-05-05 17:47:07.285+0000 INFO  [o.n.k.i.DiagnosticsManager]:   neostore.id: 2014-05-05T13:47:07-0400 - 9.00 B
2014-05-05 17:47:07.285+0000 INFO  [o.n.k.i.DiagnosticsManager]:   neostore.labeltokenstore.db: 2014-05-05T13:47:07-0400 - 0.00 B
2014-05-05 17:47:07.285+0000 INFO  [o.n.k.i.DiagnosticsManager]:   neostore.labeltokenstore.db.id: 2014-05-05T13:47:07-0400 - 9.00 B
2014-05-05 17:47:07.286+0000 INFO  [o.n.k.i.DiagnosticsManager]:   neostore.labeltokenstore.db.names: 2014-05-05T13:47:07-0400 - 38.00 B
2014-05-05 17:47:07.286+0000 INFO  [o.n.k.i.DiagnosticsManager]:   neostore.labeltokenstore.db.names.id: 2014-05-05T13:47:07-0400 - 9.00 B
2014-05-05 17:47:07.286+0000 INFO  [o.n.k.i.DiagnosticsManager]:   neostore.nodestore.db: 2014-05-05T13:47:07-0400 - 0.00 B
2014-05-05 17:47:07.287+0000 INFO  [o.n.k.i.DiagnosticsManager]:   neostore.nodestore.db.id: 2014-05-05T13:47:07-0400 - 9.00 B
2014-05-05 17:47:07.287+0000 INFO  [o.n.k.i.DiagnosticsManager]:   neostore.nodestore.db.labels: 2014-05-05T13:47:07-0400 - 68.00 B
2014-05-05 17:47:07.287+0000 INFO  [o.n.k.i.DiagnosticsManager]:   neostore.nodestore.db.labels.id: 2014-05-05T13:47:07-0400 - 9.00 B
2014-05-05 17:47:07.288+0000 INFO  [o.n.k.i.DiagnosticsManager]:   neostore.propertystore.db: 2014-05-05T13:47:07-0400 - 0.00 B
2014-05-05 17:47:07.288+0000 INFO  [o.n.k.i.DiagnosticsManager]:   neostore.propertystore.db.arrays: 2014-05-05T13:47:07-0400 - 128.00 B
2014-05-05 17:47:07.288+0000 INFO  [o.n.k.i.DiagnosticsManager]:   neostore.propertystore.db.arrays.id: 2014-05-05T13:47:07-0400 - 9.00 B
2014-05-05 17:47:07.289+0000 INFO  [o.n.k.i.DiagnosticsManager]:   neostore.propertystore.db.id: 2014-05-05T13:47:07-0400 - 9.00 B
2014-05-05 17:47:07.289+0000 INFO  [o.n.k.i.DiagnosticsManager]:   neostore.propertystore.db.index: 2014-05-05T13:47:07-0400 - 0.00 B
2014-05-05 17:47:07.289+0000 INFO  [o.n.k.i.DiagnosticsManager]:   neostore.propertystore.db.index.id: 2014-05-05T13:47:07-0400 - 9.00 B
2014-05-05 17:47:07.289+0000 INFO  [o.n.k.i.DiagnosticsManager]:   neostore.propertystore.db.index.keys: 2014-05-05T13:47:07-0400 - 38.00 B
2014-05-05 17:47:07.290+0000 INFO  [o.n.k.i.DiagnosticsManager]:   neostore.propertystore.db.index.keys.id: 2014-05-05T13:47:07-0400 - 9.00 B
2014-05-05 17:47:07.290+0000 INFO  [o.n.k.i.DiagnosticsManager]:   neostore.propertystore.db.strings: 2014-05-05T13:47:07-0400 - 128.00 B
2014-05-05 17:47:07.290+0000 INFO  [o.n.k.i.DiagnosticsManager]:   neostore.propertystore.db.strings.id: 2014-05-05T13:47:07-0400 - 9.00 B
2014-05-05 17:47:07.290+0000 INFO  [o.n.k.i.DiagnosticsManager]:   neostore.relationshipgroupstore.db: 2014-05-05T13:47:07-0400 - 40.00 B
2014-05-05 17:47:07.291+0000 INFO  [o.n.k.i.DiagnosticsManager]:   neostore.relationshipgroupstore.db.id: 2014-05-05T13:47:07-0400 - 9.00 B
2014-05-05 17:47:07.291+0000 INFO  [o.n.k.i.DiagnosticsManager]:   neostore.relationshipstore.db: 2014-05-05T13:47:07-0400 - 0.00 B
2014-05-05 17:47:07.291+0000 INFO  [o.n.k.i.DiagnosticsManager]:   neostore.relationshipstore.db.id: 2014-05-05T13:47:07-0400 - 9.00 B
2014-05-05 17:47:07.292+0000 INFO  [o.n.k.i.DiagnosticsManager]:   neostore.relationshiptypestore.db: 2014-05-05T13:47:07-0400 - 0.00 B
2014-05-05 17:47:07.292+0000 INFO  [o.n.k.i.DiagnosticsManager]:   neostore.relationshiptypestore.db.id: 2014-05-05T13:47:07-0400 - 9.00 B
2014-05-05 17:47:07.292+0000 INFO  [o.n.k.i.DiagnosticsManager]:   neostore.relationshiptypestore.db.names: 2014-05-05T13:47:07-0400 - 38.00 B
2014-05-05 17:47:07.292+0000 INFO  [o.n.k.i.DiagnosticsManager]:   neostore.relationshiptypestore.db.names.id: 2014-05-05T13:47:07-0400 - 9.00 B
2014-05-05 17:47:07.293+0000 INFO  [o.n.k.i.DiagnosticsManager]:   neostore.schemastore.db: 2014-05-05T13:47:07-0400 - 64.00 B
2014-05-05 17:47:07.293+0000 INFO  [o.n.k.i.DiagnosticsManager]:   neostore.schemastore.db.id: 2014-05-05T13:47:07-0400 - 9.00 B
2014-05-05 17:47:07.293+0000 INFO  [o.n.k.i.DiagnosticsManager]:   nioneo_logical.log.1: 2014-05-05T13:47:07-0400 - 16.00 B
2014-05-05 17:47:07.294+0000 INFO  [o.n.k.i.DiagnosticsManager]:   nioneo_logical.log.active: 2014-05-05T13:47:07-0400 - 4.00 B
2014-05-05 17:47:07.294+0000 INFO  [o.n.k.i.DiagnosticsManager]:   schema:
2014-05-05 17:47:07.294+0000 INFO  [o.n.k.i.DiagnosticsManager]:     label:
2014-05-05 17:47:07.294+0000 INFO  [o.n.k.i.DiagnosticsManager]:       lucene:
2014-05-05 17:47:07.294+0000 INFO  [o.n.k.i.DiagnosticsManager]:         write.lock: 2014-05-05T13:47:07-0400 - 0.00 B
2014-05-05 17:47:07.295+0000 INFO  [o.n.k.i.DiagnosticsManager]:       - Total: 2014-05-05T13:47:07-0400 - 0.00 B
2014-05-05 17:47:07.295+0000 INFO  [o.n.k.i.DiagnosticsManager]:     - Total: 2014-05-05T13:47:07-0400 - 0.00 B
2014-05-05 17:47:07.295+0000 INFO  [o.n.k.i.DiagnosticsManager]:   - Total: 2014-05-05T13:47:07-0400 - 0.00 B
2014-05-05 17:47:07.295+0000 INFO  [o.n.k.i.DiagnosticsManager]:   store_lock: 2014-05-05T13:47:07-0400 - 0.00 B
2014-05-05 17:47:07.296+0000 INFO  [o.n.k.i.DiagnosticsManager]:   tm_tx_log.1: 2014-05-05T13:47:07-0400 - 0.00 B
2014-05-05 17:47:07.296+0000 INFO  [o.n.k.i.DiagnosticsManager]: --- STARTED diagnostics for KernelDiagnostics:StoreFiles END ---
2014-05-05 17:47:07.296+0000 INFO  [o.n.k.EmbeddedGraphDatabase]: Database is now ready
2014-05-05 17:47:07.296+0000 INFO  [o.n.k.EmbeddedGraphDatabase]: GC Monitor started. 
